==============================================================================
Suites                                                                        
==============================================================================
Suites.TC07 API token                                                         
==============================================================================
Google_Maps_PlacesAPI                                                   
  Traceback (most recent call last):
    ~~~~~~~~~~~~~~~~~~~~~~~~~~~~~~~~~~~~~~~~~~~~~~~~~~~~~~~~~~~~~~~~~~~~~~~~~~
    File  /Users/vinodjoel/Documents/APIAutomation/Testcases/TC07_API_token.robot:17
    T:  Google_Maps_PlacesAPI    
    ~~~~~~~~~~~~~~~~~~~~~~~~~~~~~~~~~~~~~~~~~~~~~~~~~~~~~~~~~~~~~~~~~~~~~~~~~~
    File  /Users/vinodjoel/Documents/APIAutomation/Testcases/TC07_API_token.robot:19
      Create Dictionary    fields=id,displayName    key=${Api_token}
      |  key=${Api_token} = <Unable to define variable value>
______________________________________________________________________________
| FAIL |
Variable '${Api_token}' not found.
------------------------------------------------------------------------------
Suites.TC07 API token                                                 | FAIL |
1 test, 0 passed, 1 failed
==============================================================================
Suites                                                                | FAIL |
1 test, 0 passed, 1 failed
==============================================================================
Output:  /Users/vinodjoel/Documents/APIAutomation/Results/pabot_results/6/output.xml
