==============================================================================
Suites                                                                        
==============================================================================
Suites.TC03 Sanity                                                            
==============================================================================
get request Test title                                                200
b'{"page":2,"per_page":6,"total":12,"total_pages":2,"data":[{"id":7,"email":"michael.lawson@reqres.in","first_name":"Michael","last_name":"Lawson","avatar":"https://reqres.in/img/faces/7-image.jpg"},{"id":8,"email":"lindsay.ferguson@reqres.in","first_name":"Lindsay","last_name":"Ferguson","avatar":"https://reqres.in/img/faces/8-image.jpg"},{"id":9,"email":"tobias.funke@reqres.in","first_name":"Tobias","last_name":"Funke","avatar":"https://reqres.in/img/faces/9-image.jpg"},{"id":10,"email":"byron.fields@reqres.in","first_name":"Byron","last_name":"Fields","avatar":"https://reqres.in/img/faces/10-image.jpg"},{"id":11,"email":"george.edwards@reqres.in","first_name":"George","last_name":"Edwards","avatar":"https://reqres.in/img/faces/11-image.jpg"},{"id":12,"email":"rachel.howell@reqres.in","first_name":"Rachel","last_name":"Howell","avatar":"https://reqres.in/img/faces/12-image.jpg"}],"support":{"url":"https://reqres.in/#support-heading","text":"To keep ReqRes free, contributions towards server costs are appreciated!"}}'
{'Date': 'Sun, 01 Sep 2024 17:41:29 GMT', 'Content-Type': 'application/json; charset=utf-8', 'Transfer-Encoding': 'chunked', 'Connection': 'keep-alive', 'Report-To': '{"group":"heroku-nel","max_age":3600,"endpoints":[{"url":"https://nel.heroku.com/reports?ts=1724934336&sid=c4c9725f-1ab0-44d8-820f-430df2718e11&s=FNYoUGuSNTCe51VClN3XeAXNp8llRLNgxJ0c%2B7vvtpo%3D"}]}', 'Reporting-Endpoints': 'heroku-nel=https://nel.heroku.com/reports?ts=1724934336&sid=c4c9725f-1ab0-44d8-820f-430df2718e11&s=FNYoUGuSNTCe51VClN3XeAXNp8llRLNgxJ0c%2B7vvtpo%3D', 'Nel': '{"report_to":"heroku-nel","max_age":3600,"success_fraction":0.005,"failure_fraction":0.05,"response_headers":["Via"]}', 'X-Powered-By': 'Express', 'Access-Control-Allow-Origin': '*', 'Etag': 'W/"406-ut0vzoCuidvyMf8arZpMpJ6ZRDw"', 'Via': '1.1 vegur', 'Cache-Control': 'max-age=14400', 'CF-Cache-Status': 'HIT', 'Age': '6209', 'Vary': 'Accept-Encoding', 'Server': 'cloudflare', 'CF-RAY': '8bc70d28ded23ba9-BOM', 'Content-Encoding': 'gzip'}
2
| PASS |
------------------------------------------------------------------------------
Delete request data                                                   200
b'{}'
| PASS |
------------------------------------------------------------------------------
load and get xml data                                                 /Users/vinodjoel/Documents/APIAutomation/TestCases/Data.xml
John
iPhone2
VJ lane
26
| PASS |
------------------------------------------------------------------------------
load and get JSON data                                                /Users/vinodjoel/Documents/APIAutomation/TestData/data.json
John
| PASS |
------------------------------------------------------------------------------
Suites.TC03 Sanity                                                    | PASS |
4 tests, 4 passed, 0 failed
==============================================================================
Suites                                                                | PASS |
4 tests, 4 passed, 0 failed
==============================================================================
Output:  /Users/vinodjoel/Documents/APIAutomation/Results/pabot_results/2/output.xml
