==============================================================================
Suites                                                                        
==============================================================================
Suites.TC02 POST PATCH request                                                
==============================================================================
Post_User_Details                                                     201
b'{"name":"vinodzzz","job":"captain","id":"973","createdAt":"2024-09-06T17:10:08.282Z"}'
| PASS |
------------------------------------------------------------------------------
Patch_User_Details                                                    200
b'{"name":"morpheus","job":"zion resident","updatedAt":"2024-09-06T17:10:08.894Z"}'
| PASS |
------------------------------------------------------------------------------
Suites.TC02 POST PATCH request                                        | PASS |
2 tests, 2 passed, 0 failed
==============================================================================
Suites                                                                | PASS |
2 tests, 2 passed, 0 failed
==============================================================================
Output:  /Users/vinodjoel/Documents/APIAutomation/Results/pabot_results/1/output.xml
